<?xml version="1.0" encoding="UTF-8"?><testsuite errors="0" failures="1" name="Como cliente de app flutter deseo interactuar con los elementos" skipped="0" tests="1" time="26.81" timestamp="2022-12-12 02:45:58"><testcase name="Intento de autenticación exitoso en Mexico"><failure message="&#10;Expected: an element that is visible&#10;     but: no matching element found by AccessibilityId: Buttons Demo" type="java.lang.AssertionError">
Expected: an element that is visible
     but: no matching element found by AccessibilityId: Buttons Demo</failure><system-err>
Expected: an element that is visible
     but: no matching element found by AccessibilityId: Buttons Demo
org.example.tasks.InteractuarConElementos.performAs(InteractuarConElementos.java:97)
org.example.stepdefinitions.FlutterPragma.ingresaaLaApp(FlutterPragma.java:18)
cucumber.runner.Runner.runPickle(Runner.java:80)
worker.org.gradle.process.internal.worker.GradleWorkerMain.run(GradleWorkerMain.java:69)
worker.org.gradle.process.internal.worker.GradleWorkerMain.main(GradleWorkerMain.java:74)
</system-err></testcase></testsuite>